<?xml version="1.0" encoding="UTF-8"?>
<!-- Generated by org.testng.reporters.JUnitXMLReporter -->
<testsuite ignored="5" hostname="DESKTOP-QPVJ0NK" failures="0" tests="1" name="Default test" time="27.923" errors="0" timestamp="2022-08-03T16:41:27 BST">
  <testcase classname="com.selenium.bridgelabz.Child_Browser_Popup" name="print_windowHandle" time="27.867"/>
  <testcase classname="com.selenium.bridgelabz.Child_Browser_Popup" name="HandleTabs_using_getWindowHandles" time="0.0">
    <ignored/>
  </testcase> <!-- HandleTabs_using_getWindowHandles -->
  <testcase classname="com.selenium.bridgelabz.Child_Browser_Popup" name="closeSpecifiedBrowserWindow" time="0.0">
    <ignored/>
  </testcase> <!-- closeSpecifiedBrowserWindow -->
  <testcase classname="com.selenium.bridgelabz.Child_Browser_Popup" name="countNumberOfBrowserWindows" time="0.0">
    <ignored/>
  </testcase> <!-- countNumberOfBrowserWindows -->
  <testcase classname="com.selenium.bridgelabz.Child_Browser_Popup" name="closeMainBrowserNotChildBrowser" time="0.0">
    <ignored/>
  </testcase> <!-- closeMainBrowserNotChildBrowser -->
  <testcase classname="com.selenium.bridgelabz.Child_Browser_Popup" name="closeAllChildBrowserWindowsExceptMainBrowser" time="0.0">
    <ignored/>
  </testcase> <!-- closeAllChildBrowserWindowsExceptMainBrowser -->
</testsuite> <!-- Default test -->
