<?xml version="1.0" encoding="UTF-8"?>
<testng-results ignored="5" total="6" passed="1" failed="0" skipped="0">
  <reporter-output>
  </reporter-output>
  <suite started-at="2022-08-03T16:40:59 BST" name="Default suite" finished-at="2022-08-03T16:41:27 BST" duration-ms="27923">
    <groups>
    </groups>
    <test started-at="2022-08-03T16:40:59 BST" name="Default test" finished-at="2022-08-03T16:41:27 BST" duration-ms="27923">
      <class name="com.selenium.bridgelabz.Child_Browser_Popup">
        <test-method signature="print_windowHandle()[pri:0, instance:com.selenium.bridgelabz.Child_Browser_Popup@7a69b07]" started-at="2022-08-03T16:40:59 BST" name="print_windowHandle" finished-at="2022-08-03T16:41:27 BST" duration-ms="27867" status="PASS">
          <reporter-output>
          </reporter-output>
        </test-method> <!-- print_windowHandle -->
      </class> <!-- com.selenium.bridgelabz.Child_Browser_Popup -->
    </test> <!-- Default test -->
  </suite> <!-- Default suite -->
</testng-results>
